INFO: [VRFC 10-2263] Analyzing Verilog file "D:/CSE100/Lab5/Lab5.srcs/sources_1/new/LED_Shifter.v" into library xil_defaultlib
INFO: [VRFC 10-311] analyzing module LED_Shifter
INFO: [VRFC 10-2263] Analyzing Verilog file "D:/CSE100/Lab5/Lab5.srcs/sources_1/new/LSFR.v" into library xil_defaultlib
INFO: [VRFC 10-311] analyzing module LSFR
INFO: [VRFC 10-2263] Analyzing Verilog file "D:/CSE100/Lab5/Lab5.srcs/sources_1/new/Lab5.v" into library xil_defaultlib
INFO: [VRFC 10-311] analyzing module Lab5
INFO: [VRFC 10-2263] Analyzing Verilog file "D:/CSE100/Lab5/Lab5.srcs/sources_1/new/StateLogic.v" into library xil_defaultlib
INFO: [VRFC 10-311] analyzing module StateLogic
INFO: [VRFC 10-2263] Analyzing Verilog file "D:/CSE100/Lab5/Lab5.srcs/sources_1/new/StateMachine.v" into library xil_defaultlib
INFO: [VRFC 10-311] analyzing module StateMachine
INFO: [VRFC 10-2263] Analyzing Verilog file "D:/CSE100/Lab5/Lab5.srcs/sources_1/new/countUD3L.v" into library xil_defaultlib
INFO: [VRFC 10-311] analyzing module countUD3L
INFO: [VRFC 10-2263] Analyzing Verilog file "D:/CSE100/Lab5/Lab5.srcs/sources_1/new/countUD5L.v" into library xil_defaultlib
INFO: [VRFC 10-311] analyzing module countUD5L
INFO: [VRFC 10-2263] Analyzing Verilog file "D:/CSE100/Lab5/Lab5.srcs/sources_1/new/counter4L.v" into library xil_defaultlib
INFO: [VRFC 10-311] analyzing module counter4L
INFO: [VRFC 10-2263] Analyzing Verilog file "D:/CSE100/Lab5/Lab5.srcs/sources_1/new/hex7seg.v" into library xil_defaultlib
INFO: [VRFC 10-311] analyzing module hex7seg
INFO: [VRFC 10-2263] Analyzing Verilog file "D:/CSE100/Lab5/Lab5.srcs/sources_1/new/lab5_clks.v" into library xil_defaultlib
INFO: [VRFC 10-311] analyzing module lab5_clks
INFO: [VRFC 10-311] analyzing module clk_wiz_0
INFO: [VRFC 10-311] analyzing module clkcntrl4
INFO: [VRFC 10-2458] undeclared symbol XLXN_78, assumed default net type wire [D:/CSE100/Lab5/Lab5.srcs/sources_1/new/lab5_clks.v:247]
INFO: [VRFC 10-2458] undeclared symbol qsec0, assumed default net type wire [D:/CSE100/Lab5/Lab5.srcs/sources_1/new/lab5_clks.v:268]
INFO: [VRFC 10-2458] undeclared symbol qsec2, assumed default net type wire [D:/CSE100/Lab5/Lab5.srcs/sources_1/new/lab5_clks.v:269]
INFO: [VRFC 10-2458] undeclared symbol qsec3, assumed default net type wire [D:/CSE100/Lab5/Lab5.srcs/sources_1/new/lab5_clks.v:278]
INFO: [VRFC 10-311] analyzing module FTCE_MXILINX_clkcntrl4
INFO: [VRFC 10-311] analyzing module CB4CE_MXILINX_clkcntrl4
INFO: [VRFC 10-2263] Analyzing Verilog file "D:/CSE100/Lab5/Lab5.srcs/sources_1/new/m8_1e.v" into library xil_defaultlib
INFO: [VRFC 10-311] analyzing module m8_1e
INFO: [VRFC 10-2263] Analyzing Verilog file "D:/CSE100/Lab5/Lab5.srcs/sources_1/new/ring.v" into library xil_defaultlib
INFO: [VRFC 10-311] analyzing module ring
INFO: [VRFC 10-2263] Analyzing Verilog file "D:/CSE100/Lab5/Lab5.srcs/sources_1/new/selector.v" into library xil_defaultlib
INFO: [VRFC 10-311] analyzing module selector
INFO: [VRFC 10-2263] Analyzing Verilog file "D:/CSE100/Lab5/Lab5.srcs/sources_1/new/time_counter.v" into library xil_defaultlib
INFO: [VRFC 10-311] analyzing module time_counter
INFO: [VRFC 10-2263] Analyzing Verilog file "D:/CSE100/Lab5/Lab5.srcs/sim_1/imports/new/test_bench_Lab5.v" into library xil_defaultlib
INFO: [VRFC 10-311] analyzing module test_bench_Lab5
